%!Adobe-FontList 1.14
%Locale:0x409

%BeginFont
Handler:DirectoryHandler
FontType:Type1
FontName:Akkurat-Light
FamilyName:Akkurat
StyleName:Light
MenuName:Akkurat Light
StyleBits:0
WeightClass:300
WidthClass:5
AngleClass:0
FullName:Akkurat-Light
WritingScript:Roman
OutlineFileName:\Akkurat-Light.otf
DataFormat:sfntData
UsesStandardEncoding:yes
isCFF:yes
FileLength:64798
FileModTime:1193181376
%EndFont

%BeginFont
Handler:DirectoryHandler
FontType:Type1
FontName:Akkurat-Regular
FamilyName:Akkurat
StyleName:Regular
MenuName:Akkurat Regular
StyleBits:0
WeightClass:500
WidthClass:5
AngleClass:0
FullName:Akkurat-Regular
WritingScript:Roman
OutlineFileName:\Akkurat-Regular.otf
DataFormat:sfntData
UsesStandardEncoding:yes
isCFF:yes
FileLength:65908
FileModTime:1193181378
%EndFont

%BeginFont
Handler:DirectoryHandler
FontType:Type1
FontName:BrauerNeue-Regular
FamilyName:Brauer Neue
StyleName:Regular
MenuName:Brauer Neue
StyleBits:0
WeightClass:400
WidthClass:5
AngleClass:0
FullName:BrauerNeue-Regular
WritingScript:Roman
OutlineFileName:\BraueNeuReg
DataFormat:POSTResource
UsesStandardEncoding:yes
isCFF:no
FileLength:132823
FileModTime:1177367608
DesignSize:-1
%EndFont

%BeginFont
Handler:DirectoryHandler
FontType:Suitcase
FontName:BrauerNeue-Regular
OutlineFileName:\BrauerNeue-Regular.suit
ResourceID:10336
MacStyle:0
FileLength:43645
FileModTime:1389733804
%EndFont

%BeginFont
Handler:DirectoryHandler
FontType:Type1
FontName:MinionPro-Regular
FamilyName:Minion Pro
StyleName:Regular
MenuName:Minion Pro
StyleBits:0
WeightClass:400
WidthClass:5
AngleClass:0
FullName:Minion Pro
WritingScript:Roman
OutlineFileName:\MinionPro-Regular.otf
DataFormat:sfntData
UsesStandardEncoding:yes
isCFF:yes
FileLength:217280
FileModTime:1357133173
DesignSize:110
%EndFont

%BeginFont
Handler:DirectoryHandler
FontType:TrueType
FontName:Roboto-Black
FamilyName:Roboto
StyleName:Black
MenuName:Roboto Black
StyleBits:2
WeightClass:900
WidthClass:5
AngleClass:0
FullName:Roboto Black
WritingScript:Roman
OutlineFileName:\Roboto-Black.ttf
DataFormat:sfntData
FileLength:163488
FileModTime:1424066842
%EndFont

%BeginFont
Handler:DirectoryHandler
FontType:TrueType
FontName:Roboto-Bold
FamilyName:Roboto
StyleName:Bold
MenuName:Roboto
StyleBits:2
WeightClass:700
WidthClass:5
AngleClass:0
FullName:Roboto Bold
WritingScript:Roman
OutlineFileName:\Roboto-Bold.ttf
DataFormat:sfntData
FileLength:162464
FileModTime:1424066842
%EndFont

%BeginFont
Handler:DirectoryHandler
FontType:TrueType
FontName:Roboto-Light
FamilyName:Roboto
StyleName:Light
MenuName:Roboto Light
StyleBits:0
WeightClass:300
WidthClass:5
AngleClass:0
FullName:Roboto Light
WritingScript:Roman
OutlineFileName:\Roboto-Light.ttf
DataFormat:sfntData
FileLength:162420
FileModTime:1424066842
%EndFont

%BeginFont
Handler:DirectoryHandler
FontType:TrueType
FontName:Roboto-Regular
FamilyName:Roboto
StyleName:Regular
MenuName:Roboto
StyleBits:0
WeightClass:400
WidthClass:5
AngleClass:0
FullName:Roboto
WritingScript:Roman
OutlineFileName:\Roboto-Regular.ttf
DataFormat:sfntData
FileLength:162876
FileModTime:1424066842
%EndFont

